<?xml version="1.0" encoding="UTF-8"?>
<!-- Generated by org.testng.reporters.JUnitReportReporter -->
<testsuite hostname="Admin-PC" name="com.megatron.test.smoke.TestSample" tests="1" failures="0" timestamp="6 Oct 2018 14:16:04 GMT" time="16.659" errors="0">
  <testcase name="testLoginPageTitle" time="16.659" classname="com.megatron.test.smoke.TestSample"/>
</testsuite> <!-- com.megatron.test.smoke.TestSample -->
